<?xml version="1.0" encoding="UTF-8"?>
<!-- Generated by org.testng.reporters.JUnitReportReporter -->
<testsuite hostname="BKTH-DEV12.bktechouse.net" failures="0" tests="1" name="sams.work.rssbEvaluation.TC_03_IncorrectCredentials" time="8.459" errors="0" timestamp="2023-02-08T14:39:14 CAT" skipped="0">
  <testcase classname="sams.work.rssbEvaluation.TC_03_IncorrectCredentials" name="incorrectCredentials" time="8.459"/>
  <system-out/>
</testsuite> <!-- sams.work.rssbEvaluation.TC_03_IncorrectCredentials -->
