<?xml version="1.0" encoding="UTF-8"?>
<!-- Generated by org.testng.reporters.JUnitReportReporter -->
<testsuite hostname="BKTH-DEV12.bktechouse.net" failures="0" tests="1" name="sams.work.rssbEvaluation.TC_04_EmptyCredentials" time="8.285" errors="0" timestamp="2023-02-08T14:38:56 CAT" skipped="0">
  <testcase classname="sams.work.rssbEvaluation.TC_04_EmptyCredentials" name="emptyCredentials" time="8.285"/>
  <system-out/>
</testsuite> <!-- sams.work.rssbEvaluation.TC_04_EmptyCredentials -->
