<?xml version="1.0" encoding="UTF-8"?>
<!-- Generated by org.testng.reporters.JUnitReportReporter -->
<testsuite hostname="BKTH-DEV12.bktechouse.net" failures="0" tests="1" name="sams.work.rssbEvaluation.TC_02_IncorrectPassword" time="12.744" errors="0" timestamp="2023-02-08T14:38:36 CAT" skipped="0">
  <testcase classname="sams.work.rssbEvaluation.TC_02_IncorrectPassword" name="incorrectPassword" time="12.744"/>
  <system-out/>
</testsuite> <!-- sams.work.rssbEvaluation.TC_02_IncorrectPassword -->
