<?xml version="1.0" encoding="UTF-8"?>
<!-- Generated by org.testng.reporters.JUnitReportReporter -->
<testsuite hostname="BKTH-DEV12.bktechouse.net" failures="0" tests="1" name="sams.work.rssbEvaluation.TC_01_SuccessfulLogin" time="14.809" errors="0" timestamp="2023-02-08T21:36:45 CAT" skipped="0">
  <testcase classname="sams.work.rssbEvaluation.TC_01_SuccessfulLogin" name="validLogin" time="14.809"/>
  <system-out/>
</testsuite> <!-- sams.work.rssbEvaluation.TC_01_SuccessfulLogin -->
